<?xml version="1.0" encoding="UTF-8"?>
<!-- Generated by org.testng.reporters.JUnitXMLReporter -->
<testsuite hostname="LAPTOP-0A7CUA1B" ignored="0" name="Second Browser" tests="1" failures="1" timestamp="17 Nov 2017 05:14:47 GMT" time="18.226" errors="0">
  <testcase name="doAutoComplete" time="5.393" classname="com.vmetry.cloudtesting.ParallelCloudExecution">
    <failure type="java.lang.AssertionError" message="expected [haskell] but found [null]">
      <![CDATA[java.lang.AssertionError: expected [haskell] but found [null]
	at com.vmetry.cloudtesting.ParallelCloudExecution.doAutoComplete(ParallelCloudExecution.java:62)
	at java.util.concurrent.FutureTask.run(Unknown Source)
	at java.util.concurrent.ThreadPoolExecutor.runWorker(Unknown Source)
	at java.util.concurrent.ThreadPoolExecutor$Worker.run(Unknown Source)
	at java.lang.Thread.run(Unknown Source)
... Removed 22 stack frames]]>
    </failure>
  </testcase> <!-- doAutoComplete -->
</testsuite> <!-- Second Browser -->
